[2023-05-18 06:41:22] local.ERROR: Database connection [sql12.freesqldatabase.com] not configured. {"exception":"[object] (InvalidArgumentException(code: 0): Database connection [sql12.freesqldatabase.com] not configured. at D:\\coding\\project\\server\\vendor\\laravel\\framework\\src\\Illuminate\\Database\\DatabaseManager.php:166)
[stacktrace]
#0 D:\\coding\\project\\server\\vendor\\laravel\\framework\\src\\Illuminate\\Database\\DatabaseManager.php(129): Illuminate\\Database\\DatabaseManager->configuration('sql12.freesqlda...')
#1 D:\\coding\\project\\server\\vendor\\laravel\\framework\\src\\Illuminate\\Database\\DatabaseManager.php(100): Illuminate\\Database\\DatabaseManager->makeConnection('sql12.freesqlda...')
#2 D:\\coding\\project\\server\\vendor\\laravel\\framework\\src\\Illuminate\\Database\\DatabaseManager.php(462): Illuminate\\Database\\DatabaseManager->connection()
#3 D:\\coding\\project\\server\\vendor\\laravel\\framework\\src\\Illuminate\\Support\\Facades\\Facade.php(338): Illuminate\\Database\\DatabaseManager->__call('table', Array)
#4 D:\\coding\\project\\server\\routes\\web.php(23): Illuminate\\Support\\Facades\\Facade::__callStatic('table', Array)
#5 D:\\coding\\project\\server\\vendor\\laravel\\framework\\src\\Illuminate\\Routing\\CallableDispatcher.php(40): Illuminate\\Routing\\RouteFileRegistrar->{closure}()
#6 D:\\coding\\project\\server\\vendor\\laravel\\framework\\src\\Illuminate\\Routing\\Route.php(237): Illuminate\\Routing\\CallableDispatcher->dispatch(Object(Illuminate\\Routing\\Route), Object(Closure))
#7 D:\\coding\\project\\server\\vendor\\laravel\\framework\\src\\Illuminate\\Routing\\Route.php(208): Illuminate\\Routing\\Route->runCallable()
#8 D:\\coding\\project\\server\\vendor\\laravel\\framework\\src\\Illuminate\\Routing\\Router.php(798): Illuminate\\Routing\\Route->run()
#9 D:\\coding\\project\\server\\vendor\\laravel\\framework\\src\\Illuminate\\Pipeline\\Pipeline.php(141): Illuminate\\Routing\\Router->Illuminate\\Routing\\{closure}(Object(Illuminate\\Http\\Request))
#10 D:\\coding\\project\\server\\vendor\\laravel\\framework\\src\\Illuminate\\Routing\\Middleware\\SubstituteBindings.php(50): Illuminate\\Pipeline\\Pipeline->Illuminate\\Pipeline\\{closure}(Object(Illuminate\\Http\\Request))
#11 D:\\coding\\project\\server\\vendor\\laravel\\framework\\src\\Illuminate\\Pipeline\\Pipeline.php(180): Illuminate\\Routing\\Middleware\\SubstituteBindings->handle(Object(Illuminate\\Http\\Request), Object(Closure))
#12 D:\\coding\\project\\server\\vendor\\laravel\\framework\\src\\Illuminate\\Foundation\\Http\\Middleware\\VerifyCsrfToken.php(78): Illuminate\\Pipeline\\Pipeline->Illuminate\\Pipeline\\{closure}(Object(Illuminate\\Http\\Request))
#13 D:\\coding\\project\\server\\vendor\\laravel\\framework\\src\\Illuminate\\Pipeline\\Pipeline.php(180): Illuminate\\Foundation\\Http\\Middleware\\VerifyCsrfToken->handle(Object(Illuminate\\Http\\Request), Object(Closure))
#14 D:\\coding\\project\\server\\vendor\\laravel\\framework\\src\\Illuminate\\View\\Middleware\\ShareErrorsFromSession.php(49): Illuminate\\Pipeline\\Pipeline->Illuminate\\Pipeline\\{closure}(Object(Illuminate\\Http\\Request))
#15 D:\\coding\\project\\server\\vendor\\laravel\\framework\\src\\Illuminate\\Pipeline\\Pipeline.php(180): Illuminate\\View\\Middleware\\ShareErrorsFromSession->handle(Object(Illuminate\\Http\\Request), Object(Closure))
#16 D:\\coding\\project\\server\\vendor\\laravel\\framework\\src\\Illuminate\\Session\\Middleware\\StartSession.php(121): Illuminate\\Pipeline\\Pipeline->Illuminate\\Pipeline\\{closure}(Object(Illuminate\\Http\\Request))
#17 D:\\coding\\project\\server\\vendor\\laravel\\framework\\src\\Illuminate\\Session\\Middleware\\StartSession.php(64): Illuminate\\Session\\Middleware\\StartSession->handleStatefulRequest(Object(Illuminate\\Http\\Request), Object(Illuminate\\Session\\Store), Object(Closure))
#18 D:\\coding\\project\\server\\vendor\\laravel\\framework\\src\\Illuminate\\Pipeline\\Pipeline.php(180): Illuminate\\Session\\Middleware\\StartSession->handle(Object(Illuminate\\Http\\Request), Object(Closure))
#19 D:\\coding\\project\\server\\vendor\\laravel\\framework\\src\\Illuminate\\Cookie\\Middleware\\AddQueuedCookiesToResponse.php(37): Illuminate\\Pipeline\\Pipeline->Illuminate\\Pipeline\\{closure}(Object(Illuminate\\Http\\Request))
#20 D:\\coding\\project\\server\\vendor\\laravel\\framework\\src\\Illuminate\\Pipeline\\Pipeline.php(180): Illuminate\\Cookie\\Middleware\\AddQueuedCookiesToResponse->handle(Object(Illuminate\\Http\\Request), Object(Closure))
#21 D:\\coding\\project\\server\\vendor\\laravel\\framework\\src\\Illuminate\\Cookie\\Middleware\\EncryptCookies.php(67): Illuminate\\Pipeline\\Pipeline->Illuminate\\Pipeline\\{closure}(Object(Illuminate\\Http\\Request))
#22 D:\\coding\\project\\server\\vendor\\laravel\\framework\\src\\Illuminate\\Pipeline\\Pipeline.php(180): Illuminate\\Cookie\\Middleware\\EncryptCookies->handle(Object(Illuminate\\Http\\Request), Object(Closure))
#23 D:\\coding\\project\\server\\vendor\\laravel\\framework\\src\\Illuminate\\Pipeline\\Pipeline.php(116): Illuminate\\Pipeline\\Pipeline->Illuminate\\Pipeline\\{closure}(Object(Illuminate\\Http\\Request))
#24 D:\\coding\\project\\server\\vendor\\laravel\\framework\\src\\Illuminate\\Routing\\Router.php(799): Illuminate\\Pipeline\\Pipeline->then(Object(Closure))
#25 D:\\coding\\project\\server\\vendor\\laravel\\framework\\src\\Illuminate\\Routing\\Router.php(776): Illuminate\\Routing\\Router->runRouteWithinStack(Object(Illuminate\\Routing\\Route), Object(Illuminate\\Http\\Request))
#26 D:\\coding\\project\\server\\vendor\\laravel\\framework\\src\\Illuminate\\Routing\\Router.php(740): Illuminate\\Routing\\Router->runRoute(Object(Illuminate\\Http\\Request), Object(Illuminate\\Routing\\Route))
#27 D:\\coding\\project\\server\\vendor\\laravel\\framework\\src\\Illuminate\\Routing\\Router.php(729): Illuminate\\Routing\\Router->dispatchToRoute(Object(Illuminate\\Http\\Request))
#28 D:\\coding\\project\\server\\vendor\\laravel\\framework\\src\\Illuminate\\Foundation\\Http\\Kernel.php(190): Illuminate\\Routing\\Router->dispatch(Object(Illuminate\\Http\\Request))
#29 D:\\coding\\project\\server\\vendor\\laravel\\framework\\src\\Illuminate\\Pipeline\\Pipeline.php(141): Illuminate\\Foundation\\Http\\Kernel->Illuminate\\Foundation\\Http\\{closure}(Object(Illuminate\\Http\\Request))
#30 D:\\coding\\project\\server\\vendor\\laravel\\framework\\src\\Illuminate\\Foundation\\Http\\Middleware\\TransformsRequest.php(21): Illuminate\\Pipeline\\Pipeline->Illuminate\\Pipeline\\{closure}(Object(Illuminate\\Http\\Request))
#31 D:\\coding\\project\\server\\vendor\\laravel\\framework\\src\\Illuminate\\Foundation\\Http\\Middleware\\ConvertEmptyStringsToNull.php(31): Illuminate\\Foundation\\Http\\Middleware\\TransformsRequest->handle(Object(Illuminate\\Http\\Request), Object(Closure))
#32 D:\\coding\\project\\server\\vendor\\laravel\\framework\\src\\Illuminate\\Pipeline\\Pipeline.php(180): Illuminate\\Foundation\\Http\\Middleware\\ConvertEmptyStringsToNull->handle(Object(Illuminate\\Http\\Request), Object(Closure))
#33 D:\\coding\\project\\server\\vendor\\laravel\\framework\\src\\Illuminate\\Foundation\\Http\\Middleware\\TransformsRequest.php(21): Illuminate\\Pipeline\\Pipeline->Illuminate\\Pipeline\\{closure}(Object(Illuminate\\Http\\Request))
#34 D:\\coding\\project\\server\\vendor\\laravel\\framework\\src\\Illuminate\\Foundation\\Http\\Middleware\\TrimStrings.php(40): Illuminate\\Foundation\\Http\\Middleware\\TransformsRequest->handle(Object(Illuminate\\Http\\Request), Object(Closure))
#35 D:\\coding\\project\\server\\vendor\\laravel\\framework\\src\\Illuminate\\Pipeline\\Pipeline.php(180): Illuminate\\Foundation\\Http\\Middleware\\TrimStrings->handle(Object(Illuminate\\Http\\Request), Object(Closure))
#36 D:\\coding\\project\\server\\vendor\\laravel\\framework\\src\\Illuminate\\Foundation\\Http\\Middleware\\ValidatePostSize.php(27): Illuminate\\Pipeline\\Pipeline->Illuminate\\Pipeline\\{closure}(Object(Illuminate\\Http\\Request))
#37 D:\\coding\\project\\server\\vendor\\laravel\\framework\\src\\Illuminate\\Pipeline\\Pipeline.php(180): Illuminate\\Foundation\\Http\\Middleware\\ValidatePostSize->handle(Object(Illuminate\\Http\\Request), Object(Closure))
#38 D:\\coding\\project\\server\\vendor\\laravel\\framework\\src\\Illuminate\\Foundation\\Http\\Middleware\\PreventRequestsDuringMaintenance.php(86): Illuminate\\Pipeline\\Pipeline->Illuminate\\Pipeline\\{closure}(Object(Illuminate\\Http\\Request))
#39 D:\\coding\\project\\server\\vendor\\laravel\\framework\\src\\Illuminate\\Pipeline\\Pipeline.php(180): Illuminate\\Foundation\\Http\\Middleware\\PreventRequestsDuringMaintenance->handle(Object(Illuminate\\Http\\Request), Object(Closure))
#40 D:\\coding\\project\\server\\vendor\\laravel\\framework\\src\\Illuminate\\Http\\Middleware\\HandleCors.php(49): Illuminate\\Pipeline\\Pipeline->Illuminate\\Pipeline\\{closure}(Object(Illuminate\\Http\\Request))
#41 D:\\coding\\project\\server\\vendor\\laravel\\framework\\src\\Illuminate\\Pipeline\\Pipeline.php(180): Illuminate\\Http\\Middleware\\HandleCors->handle(Object(Illuminate\\Http\\Request), Object(Closure))
#42 D:\\coding\\project\\server\\vendor\\laravel\\framework\\src\\Illuminate\\Http\\Middleware\\TrustProxies.php(39): Illuminate\\Pipeline\\Pipeline->Illuminate\\Pipeline\\{closure}(Object(Illuminate\\Http\\Request))
#43 D:\\coding\\project\\server\\vendor\\laravel\\framework\\src\\Illuminate\\Pipeline\\Pipeline.php(180): Illuminate\\Http\\Middleware\\TrustProxies->handle(Object(Illuminate\\Http\\Request), Object(Closure))
#44 D:\\coding\\project\\server\\vendor\\laravel\\framework\\src\\Illuminate\\Pipeline\\Pipeline.php(116): Illuminate\\Pipeline\\Pipeline->Illuminate\\Pipeline\\{closure}(Object(Illuminate\\Http\\Request))
#45 D:\\coding\\project\\server\\vendor\\laravel\\framework\\src\\Illuminate\\Foundation\\Http\\Kernel.php(165): Illuminate\\Pipeline\\Pipeline->then(Object(Closure))
#46 D:\\coding\\project\\server\\vendor\\laravel\\framework\\src\\Illuminate\\Foundation\\Http\\Kernel.php(134): Illuminate\\Foundation\\Http\\Kernel->sendRequestThroughRouter(Object(Illuminate\\Http\\Request))
#47 D:\\coding\\project\\server\\public\\index.php(52): Illuminate\\Foundation\\Http\\Kernel->handle(Object(Illuminate\\Http\\Request))
#48 D:\\coding\\project\\server\\vendor\\laravel\\framework\\src\\Illuminate\\Foundation\\resources\\server.php(16): require_once('D:\\\\coding\\\\proje...')
#49 {main}
"} 
[2023-05-18 08:19:24] laravel.EMERGENCY: Unable to create configured logger. Using emergency logger. {"exception":"[object] (Illuminate\\Contracts\\Container\\BindingResolutionException(code: 0): Target class [App\\Logging\\DatabaseLogger] does not exist. at D:\\coding\\project\\server\\vendor\\laravel\\framework\\src\\Illuminate\\Container\\Container.php:877)
[stacktrace]
#0 D:\\coding\\project\\server\\vendor\\laravel\\framework\\src\\Illuminate\\Container\\Container.php(756): Illuminate\\Container\\Container->build('App\\\\Logging\\\\Dat...')
#1 D:\\coding\\project\\server\\vendor\\laravel\\framework\\src\\Illuminate\\Foundation\\Application.php(860): Illuminate\\Container\\Container->resolve('App\\\\Logging\\\\Dat...', Array, true)
#2 D:\\coding\\project\\server\\vendor\\laravel\\framework\\src\\Illuminate\\Container\\Container.php(692): Illuminate\\Foundation\\Application->resolve('App\\\\Logging\\\\Dat...', Array)
#3 D:\\coding\\project\\server\\vendor\\laravel\\framework\\src\\Illuminate\\Foundation\\Application.php(845): Illuminate\\Container\\Container->make('App\\\\Logging\\\\Dat...', Array)
#4 D:\\coding\\project\\server\\vendor\\laravel\\framework\\src\\Illuminate\\Log\\LogManager.php(242): Illuminate\\Foundation\\Application->make('App\\\\Logging\\\\Dat...')
#5 D:\\coding\\project\\server\\vendor\\laravel\\framework\\src\\Illuminate\\Log\\LogManager.php(217): Illuminate\\Log\\LogManager->createCustomDriver(Array)
#6 D:\\coding\\project\\server\\vendor\\laravel\\framework\\src\\Illuminate\\Log\\LogManager.php(132): Illuminate\\Log\\LogManager->resolve('database', Array)
#7 D:\\coding\\project\\server\\vendor\\laravel\\framework\\src\\Illuminate\\Log\\LogManager.php(119): Illuminate\\Log\\LogManager->get('database')
#8 D:\\coding\\project\\server\\vendor\\laravel\\framework\\src\\Illuminate\\Log\\LogManager.php(108): Illuminate\\Log\\LogManager->driver('database')
#9 D:\\coding\\project\\server\\vendor\\laravel\\framework\\src\\Illuminate\\Log\\LogManager.php(262): Illuminate\\Log\\LogManager->channel('database')
#10 [internal function]: Illuminate\\Log\\LogManager->Illuminate\\Log\\{closure}('database', 0)
#11 D:\\coding\\project\\server\\vendor\\laravel\\framework\\src\\Illuminate\\Collections\\Arr.php(560): array_map(Object(Closure), Array, Array)
#12 D:\\coding\\project\\server\\vendor\\laravel\\framework\\src\\Illuminate\\Collections\\Collection.php(739): Illuminate\\Support\\Arr::map(Array, Object(Closure))
#13 D:\\coding\\project\\server\\vendor\\laravel\\framework\\src\\Illuminate\\Collections\\Traits\\EnumeratesValues.php(366): Illuminate\\Support\\Collection->map(Object(Closure))
#14 D:\\coding\\project\\server\\vendor\\laravel\\framework\\src\\Illuminate\\Log\\LogManager.php(263): Illuminate\\Support\\Collection->flatMap(Object(Closure))
#15 D:\\coding\\project\\server\\vendor\\laravel\\framework\\src\\Illuminate\\Log\\LogManager.php(217): Illuminate\\Log\\LogManager->createStackDriver(Array)
#16 D:\\coding\\project\\server\\vendor\\laravel\\framework\\src\\Illuminate\\Log\\LogManager.php(132): Illuminate\\Log\\LogManager->resolve('stack', Array)
#17 D:\\coding\\project\\server\\vendor\\laravel\\framework\\src\\Illuminate\\Log\\LogManager.php(119): Illuminate\\Log\\LogManager->get('stack')
#18 D:\\coding\\project\\server\\vendor\\laravel\\framework\\src\\Illuminate\\Log\\LogManager.php(642): Illuminate\\Log\\LogManager->driver()
#19 D:\\coding\\project\\server\\vendor\\laravel\\framework\\src\\Illuminate\\Foundation\\Exceptions\\Handler.php(274): Illuminate\\Log\\LogManager->error('Command \"make:l...', Array)
#20 D:\\coding\\project\\server\\vendor\\nunomaduro\\collision\\src\\Adapters\\Laravel\\ExceptionHandler.php(46): Illuminate\\Foundation\\Exceptions\\Handler->report(Object(Symfony\\Component\\Console\\Exception\\CommandNotFoundException))
#21 D:\\coding\\project\\server\\vendor\\laravel\\framework\\src\\Illuminate\\Foundation\\Console\\Kernel.php(454): NunoMaduro\\Collision\\Adapters\\Laravel\\ExceptionHandler->report(Object(Symfony\\Component\\Console\\Exception\\CommandNotFoundException))
#22 D:\\coding\\project\\server\\vendor\\laravel\\framework\\src\\Illuminate\\Foundation\\Console\\Kernel.php(157): Illuminate\\Foundation\\Console\\Kernel->reportException(Object(Symfony\\Component\\Console\\Exception\\CommandNotFoundException))
#23 D:\\coding\\project\\server\\artisan(37): Illuminate\\Foundation\\Console\\Kernel->handle(Object(Symfony\\Component\\Console\\Input\\ArgvInput), Object(Symfony\\Component\\Console\\Output\\ConsoleOutput))
#24 {main}

[previous exception] [object] (ReflectionException(code: -1): Class \"App\\Logging\\DatabaseLogger\" does not exist at D:\\coding\\project\\server\\vendor\\laravel\\framework\\src\\Illuminate\\Container\\Container.php:875)
[stacktrace]
#0 D:\\coding\\project\\server\\vendor\\laravel\\framework\\src\\Illuminate\\Container\\Container.php(875): ReflectionClass->__construct('App\\\\Logging\\\\Dat...')
#1 D:\\coding\\project\\server\\vendor\\laravel\\framework\\src\\Illuminate\\Container\\Container.php(756): Illuminate\\Container\\Container->build('App\\\\Logging\\\\Dat...')
#2 D:\\coding\\project\\server\\vendor\\laravel\\framework\\src\\Illuminate\\Foundation\\Application.php(860): Illuminate\\Container\\Container->resolve('App\\\\Logging\\\\Dat...', Array, true)
#3 D:\\coding\\project\\server\\vendor\\laravel\\framework\\src\\Illuminate\\Container\\Container.php(692): Illuminate\\Foundation\\Application->resolve('App\\\\Logging\\\\Dat...', Array)
#4 D:\\coding\\project\\server\\vendor\\laravel\\framework\\src\\Illuminate\\Foundation\\Application.php(845): Illuminate\\Container\\Container->make('App\\\\Logging\\\\Dat...', Array)
#5 D:\\coding\\project\\server\\vendor\\laravel\\framework\\src\\Illuminate\\Log\\LogManager.php(242): Illuminate\\Foundation\\Application->make('App\\\\Logging\\\\Dat...')
#6 D:\\coding\\project\\server\\vendor\\laravel\\framework\\src\\Illuminate\\Log\\LogManager.php(217): Illuminate\\Log\\LogManager->createCustomDriver(Array)
#7 D:\\coding\\project\\server\\vendor\\laravel\\framework\\src\\Illuminate\\Log\\LogManager.php(132): Illuminate\\Log\\LogManager->resolve('database', Array)
#8 D:\\coding\\project\\server\\vendor\\laravel\\framework\\src\\Illuminate\\Log\\LogManager.php(119): Illuminate\\Log\\LogManager->get('database')
#9 D:\\coding\\project\\server\\vendor\\laravel\\framework\\src\\Illuminate\\Log\\LogManager.php(108): Illuminate\\Log\\LogManager->driver('database')
#10 D:\\coding\\project\\server\\vendor\\laravel\\framework\\src\\Illuminate\\Log\\LogManager.php(262): Illuminate\\Log\\LogManager->channel('database')
#11 [internal function]: Illuminate\\Log\\LogManager->Illuminate\\Log\\{closure}('database', 0)
#12 D:\\coding\\project\\server\\vendor\\laravel\\framework\\src\\Illuminate\\Collections\\Arr.php(560): array_map(Object(Closure), Array, Array)
#13 D:\\coding\\project\\server\\vendor\\laravel\\framework\\src\\Illuminate\\Collections\\Collection.php(739): Illuminate\\Support\\Arr::map(Array, Object(Closure))
#14 D:\\coding\\project\\server\\vendor\\laravel\\framework\\src\\Illuminate\\Collections\\Traits\\EnumeratesValues.php(366): Illuminate\\Support\\Collection->map(Object(Closure))
#15 D:\\coding\\project\\server\\vendor\\laravel\\framework\\src\\Illuminate\\Log\\LogManager.php(263): Illuminate\\Support\\Collection->flatMap(Object(Closure))
#16 D:\\coding\\project\\server\\vendor\\laravel\\framework\\src\\Illuminate\\Log\\LogManager.php(217): Illuminate\\Log\\LogManager->createStackDriver(Array)
#17 D:\\coding\\project\\server\\vendor\\laravel\\framework\\src\\Illuminate\\Log\\LogManager.php(132): Illuminate\\Log\\LogManager->resolve('stack', Array)
#18 D:\\coding\\project\\server\\vendor\\laravel\\framework\\src\\Illuminate\\Log\\LogManager.php(119): Illuminate\\Log\\LogManager->get('stack')
#19 D:\\coding\\project\\server\\vendor\\laravel\\framework\\src\\Illuminate\\Log\\LogManager.php(642): Illuminate\\Log\\LogManager->driver()
#20 D:\\coding\\project\\server\\vendor\\laravel\\framework\\src\\Illuminate\\Foundation\\Exceptions\\Handler.php(274): Illuminate\\Log\\LogManager->error('Command \"make:l...', Array)
#21 D:\\coding\\project\\server\\vendor\\nunomaduro\\collision\\src\\Adapters\\Laravel\\ExceptionHandler.php(46): Illuminate\\Foundation\\Exceptions\\Handler->report(Object(Symfony\\Component\\Console\\Exception\\CommandNotFoundException))
#22 D:\\coding\\project\\server\\vendor\\laravel\\framework\\src\\Illuminate\\Foundation\\Console\\Kernel.php(454): NunoMaduro\\Collision\\Adapters\\Laravel\\ExceptionHandler->report(Object(Symfony\\Component\\Console\\Exception\\CommandNotFoundException))
#23 D:\\coding\\project\\server\\vendor\\laravel\\framework\\src\\Illuminate\\Foundation\\Console\\Kernel.php(157): Illuminate\\Foundation\\Console\\Kernel->reportException(Object(Symfony\\Component\\Console\\Exception\\CommandNotFoundException))
#24 D:\\coding\\project\\server\\artisan(37): Illuminate\\Foundation\\Console\\Kernel->handle(Object(Symfony\\Component\\Console\\Input\\ArgvInput), Object(Symfony\\Component\\Console\\Output\\ConsoleOutput))
#25 {main}
"} 
[2023-05-18 08:19:24] laravel.EMERGENCY: Unable to create configured logger. Using emergency logger. {"exception":"[object] (Illuminate\\Contracts\\Container\\BindingResolutionException(code: 0): Target class [App\\Logging\\DatabaseLogger] does not exist. at D:\\coding\\project\\server\\vendor\\laravel\\framework\\src\\Illuminate\\Container\\Container.php:877)
[stacktrace]
#0 D:\\coding\\project\\server\\vendor\\laravel\\framework\\src\\Illuminate\\Container\\Container.php(756): Illuminate\\Container\\Container->build('App\\\\Logging\\\\Dat...')
#1 D:\\coding\\project\\server\\vendor\\laravel\\framework\\src\\Illuminate\\Foundation\\Application.php(860): Illuminate\\Container\\Container->resolve('App\\\\Logging\\\\Dat...', Array, true)
#2 D:\\coding\\project\\server\\vendor\\laravel\\framework\\src\\Illuminate\\Container\\Container.php(692): Illuminate\\Foundation\\Application->resolve('App\\\\Logging\\\\Dat...', Array)
#3 D:\\coding\\project\\server\\vendor\\laravel\\framework\\src\\Illuminate\\Foundation\\Application.php(845): Illuminate\\Container\\Container->make('App\\\\Logging\\\\Dat...', Array)
#4 D:\\coding\\project\\server\\vendor\\laravel\\framework\\src\\Illuminate\\Log\\LogManager.php(242): Illuminate\\Foundation\\Application->make('App\\\\Logging\\\\Dat...')
#5 D:\\coding\\project\\server\\vendor\\laravel\\framework\\src\\Illuminate\\Log\\LogManager.php(217): Illuminate\\Log\\LogManager->createCustomDriver(Array)
#6 D:\\coding\\project\\server\\vendor\\laravel\\framework\\src\\Illuminate\\Log\\LogManager.php(132): Illuminate\\Log\\LogManager->resolve('database', Array)
#7 D:\\coding\\project\\server\\vendor\\laravel\\framework\\src\\Illuminate\\Log\\LogManager.php(119): Illuminate\\Log\\LogManager->get('database')
#8 D:\\coding\\project\\server\\vendor\\laravel\\framework\\src\\Illuminate\\Log\\LogManager.php(108): Illuminate\\Log\\LogManager->driver('database')
#9 D:\\coding\\project\\server\\vendor\\laravel\\framework\\src\\Illuminate\\Log\\LogManager.php(268): Illuminate\\Log\\LogManager->channel('database')
#10 [internal function]: Illuminate\\Log\\LogManager->Illuminate\\Log\\{closure}('database', 0)
#11 D:\\coding\\project\\server\\vendor\\laravel\\framework\\src\\Illuminate\\Collections\\Arr.php(560): array_map(Object(Closure), Array, Array)
#12 D:\\coding\\project\\server\\vendor\\laravel\\framework\\src\\Illuminate\\Collections\\Collection.php(739): Illuminate\\Support\\Arr::map(Array, Object(Closure))
#13 D:\\coding\\project\\server\\vendor\\laravel\\framework\\src\\Illuminate\\Collections\\Traits\\EnumeratesValues.php(366): Illuminate\\Support\\Collection->map(Object(Closure))
#14 D:\\coding\\project\\server\\vendor\\laravel\\framework\\src\\Illuminate\\Log\\LogManager.php(269): Illuminate\\Support\\Collection->flatMap(Object(Closure))
#15 D:\\coding\\project\\server\\vendor\\laravel\\framework\\src\\Illuminate\\Log\\LogManager.php(217): Illuminate\\Log\\LogManager->createStackDriver(Array)
#16 D:\\coding\\project\\server\\vendor\\laravel\\framework\\src\\Illuminate\\Log\\LogManager.php(132): Illuminate\\Log\\LogManager->resolve('stack', Array)
#17 D:\\coding\\project\\server\\vendor\\laravel\\framework\\src\\Illuminate\\Log\\LogManager.php(119): Illuminate\\Log\\LogManager->get('stack')
#18 D:\\coding\\project\\server\\vendor\\laravel\\framework\\src\\Illuminate\\Log\\LogManager.php(642): Illuminate\\Log\\LogManager->driver()
#19 D:\\coding\\project\\server\\vendor\\laravel\\framework\\src\\Illuminate\\Foundation\\Exceptions\\Handler.php(274): Illuminate\\Log\\LogManager->error('Command \"make:l...', Array)
#20 D:\\coding\\project\\server\\vendor\\nunomaduro\\collision\\src\\Adapters\\Laravel\\ExceptionHandler.php(46): Illuminate\\Foundation\\Exceptions\\Handler->report(Object(Symfony\\Component\\Console\\Exception\\CommandNotFoundException))
#21 D:\\coding\\project\\server\\vendor\\laravel\\framework\\src\\Illuminate\\Foundation\\Console\\Kernel.php(454): NunoMaduro\\Collision\\Adapters\\Laravel\\ExceptionHandler->report(Object(Symfony\\Component\\Console\\Exception\\CommandNotFoundException))
#22 D:\\coding\\project\\server\\vendor\\laravel\\framework\\src\\Illuminate\\Foundation\\Console\\Kernel.php(157): Illuminate\\Foundation\\Console\\Kernel->reportException(Object(Symfony\\Component\\Console\\Exception\\CommandNotFoundException))
#23 D:\\coding\\project\\server\\artisan(37): Illuminate\\Foundation\\Console\\Kernel->handle(Object(Symfony\\Component\\Console\\Input\\ArgvInput), Object(Symfony\\Component\\Console\\Output\\ConsoleOutput))
#24 {main}

[previous exception] [object] (ReflectionException(code: -1): Class \"App\\Logging\\DatabaseLogger\" does not exist at D:\\coding\\project\\server\\vendor\\laravel\\framework\\src\\Illuminate\\Container\\Container.php:875)
[stacktrace]
#0 D:\\coding\\project\\server\\vendor\\laravel\\framework\\src\\Illuminate\\Container\\Container.php(875): ReflectionClass->__construct('App\\\\Logging\\\\Dat...')
#1 D:\\coding\\project\\server\\vendor\\laravel\\framework\\src\\Illuminate\\Container\\Container.php(756): Illuminate\\Container\\Container->build('App\\\\Logging\\\\Dat...')
#2 D:\\coding\\project\\server\\vendor\\laravel\\framework\\src\\Illuminate\\Foundation\\Application.php(860): Illuminate\\Container\\Container->resolve('App\\\\Logging\\\\Dat...', Array, true)
#3 D:\\coding\\project\\server\\vendor\\laravel\\framework\\src\\Illuminate\\Container\\Container.php(692): Illuminate\\Foundation\\Application->resolve('App\\\\Logging\\\\Dat...', Array)
#4 D:\\coding\\project\\server\\vendor\\laravel\\framework\\src\\Illuminate\\Foundation\\Application.php(845): Illuminate\\Container\\Container->make('App\\\\Logging\\\\Dat...', Array)
#5 D:\\coding\\project\\server\\vendor\\laravel\\framework\\src\\Illuminate\\Log\\LogManager.php(242): Illuminate\\Foundation\\Application->make('App\\\\Logging\\\\Dat...')
#6 D:\\coding\\project\\server\\vendor\\laravel\\framework\\src\\Illuminate\\Log\\LogManager.php(217): Illuminate\\Log\\LogManager->createCustomDriver(Array)
#7 D:\\coding\\project\\server\\vendor\\laravel\\framework\\src\\Illuminate\\Log\\LogManager.php(132): Illuminate\\Log\\LogManager->resolve('database', Array)
#8 D:\\coding\\project\\server\\vendor\\laravel\\framework\\src\\Illuminate\\Log\\LogManager.php(119): Illuminate\\Log\\LogManager->get('database')
#9 D:\\coding\\project\\server\\vendor\\laravel\\framework\\src\\Illuminate\\Log\\LogManager.php(108): Illuminate\\Log\\LogManager->driver('database')
#10 D:\\coding\\project\\server\\vendor\\laravel\\framework\\src\\Illuminate\\Log\\LogManager.php(268): Illuminate\\Log\\LogManager->channel('database')
#11 [internal function]: Illuminate\\Log\\LogManager->Illuminate\\Log\\{closure}('database', 0)
#12 D:\\coding\\project\\server\\vendor\\laravel\\framework\\src\\Illuminate\\Collections\\Arr.php(560): array_map(Object(Closure), Array, Array)
#13 D:\\coding\\project\\server\\vendor\\laravel\\framework\\src\\Illuminate\\Collections\\Collection.php(739): Illuminate\\Support\\Arr::map(Array, Object(Closure))
#14 D:\\coding\\project\\server\\vendor\\laravel\\framework\\src\\Illuminate\\Collections\\Traits\\EnumeratesValues.php(366): Illuminate\\Support\\Collection->map(Object(Closure))
#15 D:\\coding\\project\\server\\vendor\\laravel\\framework\\src\\Illuminate\\Log\\LogManager.php(269): Illuminate\\Support\\Collection->flatMap(Object(Closure))
#16 D:\\coding\\project\\server\\vendor\\laravel\\framework\\src\\Illuminate\\Log\\LogManager.php(217): Illuminate\\Log\\LogManager->createStackDriver(Array)
#17 D:\\coding\\project\\server\\vendor\\laravel\\framework\\src\\Illuminate\\Log\\LogManager.php(132): Illuminate\\Log\\LogManager->resolve('stack', Array)
#18 D:\\coding\\project\\server\\vendor\\laravel\\framework\\src\\Illuminate\\Log\\LogManager.php(119): Illuminate\\Log\\LogManager->get('stack')
#19 D:\\coding\\project\\server\\vendor\\laravel\\framework\\src\\Illuminate\\Log\\LogManager.php(642): Illuminate\\Log\\LogManager->driver()
#20 D:\\coding\\project\\server\\vendor\\laravel\\framework\\src\\Illuminate\\Foundation\\Exceptions\\Handler.php(274): Illuminate\\Log\\LogManager->error('Command \"make:l...', Array)
#21 D:\\coding\\project\\server\\vendor\\nunomaduro\\collision\\src\\Adapters\\Laravel\\ExceptionHandler.php(46): Illuminate\\Foundation\\Exceptions\\Handler->report(Object(Symfony\\Component\\Console\\Exception\\CommandNotFoundException))
#22 D:\\coding\\project\\server\\vendor\\laravel\\framework\\src\\Illuminate\\Foundation\\Console\\Kernel.php(454): NunoMaduro\\Collision\\Adapters\\Laravel\\ExceptionHandler->report(Object(Symfony\\Component\\Console\\Exception\\CommandNotFoundException))
#23 D:\\coding\\project\\server\\vendor\\laravel\\framework\\src\\Illuminate\\Foundation\\Console\\Kernel.php(157): Illuminate\\Foundation\\Console\\Kernel->reportException(Object(Symfony\\Component\\Console\\Exception\\CommandNotFoundException))
#24 D:\\coding\\project\\server\\artisan(37): Illuminate\\Foundation\\Console\\Kernel->handle(Object(Symfony\\Component\\Console\\Input\\ArgvInput), Object(Symfony\\Component\\Console\\Output\\ConsoleOutput))
#25 {main}
"} 
[2023-05-18 08:19:24] local.ERROR: Command "make:logging" is not defined.

Did you mean one of these?
    make:cast
    make:channel
    make:command
    make:component
    make:controller
    make:event
    make:exception
    make:factory
    make:job
    make:listener
    make:mail
    make:middleware
    make:migration
    make:model
    make:notification
    make:observer
    make:policy
    make:provider
    make:request
    make:resource
    make:rule
    make:scope
    make:seeder
    make:test {"exception":"[object] (Symfony\\Component\\Console\\Exception\\CommandNotFoundException(code: 0): Command \"make:logging\" is not defined.

Did you mean one of these?
    make:cast
    make:channel
    make:command
    make:component
    make:controller
    make:event
    make:exception
    make:factory
    make:job
    make:listener
    make:mail
    make:middleware
    make:migration
    make:model
    make:notification
    make:observer
    make:policy
    make:provider
    make:request
    make:resource
    make:rule
    make:scope
    make:seeder
    make:test at D:\\coding\\project\\server\\vendor\\symfony\\console\\Application.php:694)
[stacktrace]
#0 D:\\coding\\project\\server\\vendor\\symfony\\console\\Application.php(259): Symfony\\Component\\Console\\Application->find('make:logging')
#1 D:\\coding\\project\\server\\vendor\\symfony\\console\\Application.php(171): Symfony\\Component\\Console\\Application->doRun(Object(Symfony\\Component\\Console\\Input\\ArgvInput), Object(Symfony\\Component\\Console\\Output\\ConsoleOutput))
#2 D:\\coding\\project\\server\\vendor\\laravel\\framework\\src\\Illuminate\\Console\\Application.php(102): Symfony\\Component\\Console\\Application->run(Object(Symfony\\Component\\Console\\Input\\ArgvInput), Object(Symfony\\Component\\Console\\Output\\ConsoleOutput))
#3 D:\\coding\\project\\server\\vendor\\laravel\\framework\\src\\Illuminate\\Foundation\\Console\\Kernel.php(155): Illuminate\\Console\\Application->run(Object(Symfony\\Component\\Console\\Input\\ArgvInput), Object(Symfony\\Component\\Console\\Output\\ConsoleOutput))
#4 D:\\coding\\project\\server\\artisan(37): Illuminate\\Foundation\\Console\\Kernel->handle(Object(Symfony\\Component\\Console\\Input\\ArgvInput), Object(Symfony\\Component\\Console\\Output\\ConsoleOutput))
#5 {main}
"} 
